436
0 548 549 665 719 883 1452 1869 2178 2276 2563 2728 2736 2768 2957 3969 4855 4957
1 189 204 349 415 812 1001 1296 1355 1365 1858 1997 2073 2177 3184 4359
2 693 1227 2123 2772 3131 4488 4658 6336 7682 8397
3 481 490 567 871 991 1098 1144 1500 1661 1695 1866 1879 2039 2192 2607 2898 3630
4 199 521 894 1039 1090 1339 1370 1514 1541 1779 1952 1962 2028 2149 2599 2674 3697 4314 5122
5 1697 2248 2345 3838 4705 4720 5532 6155 7006
6 374 708 1026 1834 3886 3924 4388 4812 4922 5891 5994
7 231 295 867 875 1024 1414 1553 1649 1764 1982 1992 2244 2411
8 263 381 487 488 780 1392 1417 1967 2240 2811 3219 3905 4002 7193
9 475 975 1427 1743 2009 2129 2966 3082 3099 3194
10 259 265 770 834 843 952 1105 1272 1445 1450 1588 1596 1638 1692 1885 1983 8313
12 121 122 506 1849 1973 4288 4347 4622 5255 6669
13 163 307 628 754 993 1254 1498 1506 1535 1719 1833 2029 2344 2447 2647 3102
14 124 796 1011 1019 1045 1260 2083 2665 3549 4004 4040 4444 4497
15 586 730 755 851 905 1263 1769 1773 1774 1800 1882 2146 2323 2350 2448 6630
16 266 723 801 1053 1073 1611 1776 2087 2132 2608 3006 5245 5253
17 1079 1666 3561 3996 4603 4666 5041 5132 5496 7332 7706 9263
18 148 362 367 1237 1270 1484 1572 1901 1954 1956 2111 2220 3096 4285 4893 5129 5771
19 436 518 933 1076 1979 2375 2454 2555 2590 2604 2800 3007 3369 5027 5061 7320
20 644 925 1025 2021 2208 2211 3495 3615 3892 4067 4348 5244 5651 8512
21 228 260 261 280 398 430 598 1080 1185 1186 1770 2558 7791
23 38 565 891 981 1102 1670 1711 1939 2147 2391 2453 2806 2931 4043
24 317 961 1463 3221 3419 4176 4206 4717 4818 5014 6551 6945 7120
25 1422 2845 2945 3519 3984 4131 4589 4731 5090 5893 6231 6390 6467 9357
26 1249 1356 1619 1712 2025 2445 2690 2908 3021 3118 3360 3650 4714 9107
27 652 882 1341 2161 2921 3136 4686 5372 5794 6353 6874 6918 7652 7929
28 1344 1812 2105 2589 3854 3898 4278 5708 7119 7326 7604 8043
29 79 1281 1494 1531 1898 2787 2969 3756 4090 4110 4377 4785 5053 6869 6881 7011
30 4 298 569 762 898 1472 1796 2066 2082 2954 3073 3271 3339 3552 4786 4928 5732
31 18 73 929 1295 1876 1890 1953 2212 2456 2636 2852 3145 3408 3967 8816
32 244 372 501 528 629 664 775 1158 1328 1557 1839 2126 3661 3875 5095
33 537 1211 2760 3991 5311 7279 7986
34 380 728 1035 1376 1976 2024 2103 2653 2990 3459 5413
35 651 1658 2418 3139 3437 4353 4912 5286 5952 6393 6487 7551 9593 9991
36 107 254 1338 2172 2360 2424 3161 6721 7057 7478 8084
37 47 418 439 499 585 1009 1266 1353 1362 1429 1804 2097 2125 2666
38 714 1187 1536 2740 2970 4533 5504 5633 6804 8402
39 22 478 777 885 1036 2036 2038 2069 2446 2671 2879 3080 3480 4011 6258
40 1133 1149 1457 1827 2400 2473 2635 2656 2717 2755 2916 5758
42 52 90 241 308 555 681 842 1155 1276 2165 3261 3311 3707 3981 7296
43 292 1123 1616 2339 2885 3093 3301 3361 3457 4363 4432 5519
44 93 505 720 1082 1091 2210 2680 3170 3528 5172 6024 6219 6344 9659
45 161 290 453 534 1137 1524 1595 1714 1747 1920 1960 1978 2209 2383 2538 2615 5340
46 60 1886 2259 3239 6135 7749 9367
47 289 1943 2284 3078 3150 3564 5068 5464 5912 9132
48 358 1152 1218 1576 1696 1929 2054 2218 2512 2609 3504 3994 7048 9129
49 28 483 571 1143 1662 1884 1948 2382 2621 2664 2972 3005
50 217 916 1343 1455 1492 1513 2033 2568 3587 3734 4199 4571 6650
51 135 660 1005 1049 1312 1590 1672 1768 2341 2398 2881
52 564 613 1274 1798 6419 7623
53 195 279 532 859 1207 1863 2676 2705 2866 3164 3694 5780 6057 6613 8844
54 276 303 1033 1440 1647 2012 2773 3257 4283 4656 4816 8593
55 1159 1416 2217 2477 2672 4428 4453 4684 5592 7147
56 514 845 911 1230 1292 1398 1510 1554 1626 1974 2018 2058 3043 9533 9795
57 582 1627 1874 2281 2366 2771 3374 4133 4629 4675 5143 5164 6978 7366
58 8 130 150 1653 2336 2704 3223 3312 3580 4327 4869 8685
59 443 1366 1699 2104 2340 2352 2573 2869 3612 3644 3904 4082 4391 5406
60 43 1145 1373 4217 4345 4552 4586 8679 8937
61 412 655 765 895 1160 1570 2979 3747 3764 4398 4654 5386 6522 6792 7508 7842 9013
62 274 426 491 563 781 965 1845 3228 6020 6499
63 210 472 816 927 1775 2405 2679 3123 3342 3731 4025 4527 4728 4740 7136
64 252 424 1072 1216 1241 1335 1403 2267 2626 3585 3703 4035 4710 6073 6261 6416 6550 7200 8931
65 1239 1277 1880 2213 2258 2318 2322 2597 3190 4276 4469 4579 4788
66 940 2263 3059 5906 6398 7931 8889 9363
67 268 473 495 967 1109 1142 1223 1532 1935 2434 2847 3803
68 277 438 726 873 1164 1261 1786 2107 2581 2610 4227 4955 6515
69 68 417 739 800 1129 1299 1928 2507 2550 2978 3070 3203 5798
70 23 164 305 540 881 1107 2699 4830 5436 6184 6415 7228 7266
71 80 435 676 793 999 1093 1308 1783 1894 1897 5228 5899
73 35 446 603 973 1180 1766 2122 2349 2565 3341 3577 3751 6021 7699
74 242 757 1020 2700 2757 3522 4154 4212 4346 4836 4999 5077 5326 5349 6301 7517 7606
76 286 403 625 974 1014 1198 1791 1837 2576 2693 2742 5224
77 462 1010 1644 2195 2252 3390 3418 3469 3745 3815 4106 5737 7438
78 193 273 661 992 1167 1200 1425 1497 1547 1642 1750 1969 2292
79 1865 1883 2509 2902 3052 3687 4044 4344 4733 5130 5329 6418 6798
80 69 170 386 653 751 837 955 960 1345 1383 1420 3370 3989 4241 5163 8711
81 408 1304 1717 1755 2184 2522 2632 3169 3719 3864 4069 5149 7361
82 2393 3535 3788 4223 5752 7417 7985 9165 9444
83 131 171 184 1030 1537 1918 1975 2342 3042 3467
84 599 636 705 776 988 1351 1481 1583 2046 2378 2422 2833 3119 3792
85 1213 3515 4333 4350 4925 5152 5345 5767 8303 9757
86 736 868 1919 1996 2227 2260 3479 3599 4824 5211 5443 5986 6123 7906 7973
87 98 103 810 1122 1126 1589 1941 2134 2496 2642 4923 6044 9007
88 108 126 202 428 496 524 668 704 906 1038 1224 1323 1358 1683 2203 2204 4311
89 966 1411 2468 2497 3133 8164 9009 9235 9385
91 188 200 394 949 1068 1136 1258 2275 4258 4286 4783 5073 5836 6837 7786 8193 8312
92 452 942 1088 1179 4196 5529 6541 6603 7584 7933
93 216 900 1161 2466 2710 2762 3265 4865 4977 5183 5262 8880
94 183 811 924 1110 1132 1396 2182 2233 2380 2711 2779 2967 3027 5458 9979
96 26 648 778 1917 1999 2357 2683 3051 4132 4152 5087 5384 5546
97 758 866 1100 1489 1654 1691 1698 1781 2072 2311 2726 3020 5030 6675 9270
98 1057 2011 3017 3095 3557 4390 4477 4514 4521 6960 9330
99 115 461 804 1048 1519 1617 1835 2137 2205 2564 3807 8445
100 53 1021 1630 2088 2459 2520 2801 2874 3691 3750 3798 8920 9545
101 120 270 634 1233 1533 1801 2106 2450 2910 3276 3447 3624 3926 7684
102 62 67 214 425 656 685 707 1671 2390 2420 2585 2659 4341 5902
104 269 363 633 647 893 1032 1720 1788 1848 2238 2278 2395 2413 2465 2583 2858 3376 5304 6584 8431
105 24 391 577 803 1352 1663 2521 3330 3334 3666 4066 4958
106 34 48 82 224 318 594 631 1188 1566 1797 2983 3393 5715 5848
107 134 411 480 554 1501 1503 3046 3112 3188 3407 3632
108 30 729 890 1327 1832 1998 2042 2844 3353 3841 4229 6534 7085
109 1002 1060 1479 2268 2480 2525 2761 2789 3088 3450 4036 4749 6161 6631 7204
110 902 1119 1319 1686 2255 2578 3884 6753 7007 7166 7355 7506 7680 9369
111 169 191 579 666 711 861 1089 1095 1195 1971 2253
112 57 132 853 934 1271 1301 2598 2875 3379 3498 4315 4352 4678 4758 5749
113 1439 1477 1668 2273 2648 2663 2691 3572 3722 3809 4530 4880
114 168 316 337 410 494 1116 1154 1377 1552 1809 2121 2179 2384 2511 3366 5507 8599
117 39 63 291 468 583 760 1022 1027 1064 1235 1305 1336 2003 5783 6554 9374
118 1702 2625 2677 7317 7346 7420 7639
119 258 1066 1228 1315 1363 1721 1868 1959 2041 2114 2461 2882 3087 3101 3260 3305 3797 5383
120 643 782 3327 3755 4096 4986 5283 7663 8723 9143 9296 9781
121 179 667 1174 1446 1551 2017 2662 4243 4414 9032 9172
122 539 2907 5435 6012 6169 6384 6578 7145
123 304 2942 5154 5404 5508 6879 9254
124 86 87 451 752 1028 1538 1613 2417 2838 3187 4719 5373 5762
125 212 246 331 523 1058 1192 1462 2100 2451 3103 3259 3333 3568 3876 4179 4420 4971
126 209 283 449 486 630 749 764 1250 1310 1393 1433 6327
127 21 99 146 157 466 818 2047 2060 2532 2727 2877 3254 6153
128 333 519 556 713 1253 1805 2306 2747 3034 3178 3543 3732 4844 7001 8017
129 1742 3391 3575 4604 4895 5260 6013 6698 6938 7254 7392 9520
130 1340 1575 2535 2909 4609 4670 4770 5274 5915 5916
131 7 125 637 1567 2948 3510 4020 4200 4260 4547 5126 5654 5804 5831 6909 8055
134 356 1018 2081 2257 3214 4233 4650 7074
135 364 389 512 786 1147 1359 1449 1844 1931 1951 2857
137 663 689 919 1248 1306 3009 3047 3322 4342 4938 5045 5072 5094 5827 7196
138 105 201 384 566 969 1051 1153 1509 1922 2015 2084 2321 3186
139 607 1767 2198 2319 2633 4165 4908 7811 8468 8699 9773
140 400 1157 1926 2751 2835 3065 3806 6242 6727 8838
141 437 887 959 1273 1792 2062 2918 3225 3364 3371 4103 4412 5673
142 646 1103 1633 1924 2301 2359 2786 3057 3546 5034 5788 6074 8174
143 222 673 1908 2001 2151 2364 2404 2854 3022 3579 3695 4698 6355
144 580 794 2169 2518 2846 3468 3874 6921 8074 8089 8121 8677 9714
145 361 502 692 743 899 1607 1612 1656 1665 1900 2668 2873 8332 8580
146 525 617 1579 2817 3226 3665 4299 4473 5563 6112 6373 6705 6806 7031 8056 8284
147 431 465 1182 3406 3885 4065 4843 5282 5370 6216 6744 6931 7102 9205 9692
148 271 423 745 2096 2718 2743 2893 3023 3142 3502 3621 3683 5052 6827
149 1614 1810 2986 4362 4416 5801 5879 6152 6420 6985 8274
150 319 1141 1387 1410 1793 1871 1933 2516 3248 3288 4569 4807 4862 5921 9465
151 1618 2150 2353 2439 2487 3428 3696 4483 4904 4916 5659 5678 6977
152 185 294 790 1597 1818 2051 3232 3608 3800 8832 9027
153 310 504 561 696 1515 1744 2427 2741 2816 2938 3291 3401
155 58 147 1317 1608 2241 2302 2629 2645 3120 3143 3268 3405 4572 5869
156 151 197 365 1007 1314 1318 1361 1895 2216 2416 4501 5339
157 2574 2958 5121 5333 6267 6899 7071 7887 9196
158 182 186 236 503 767 813 877 1034 1131 1375 1448 1585 1752 3547 7751
159 990 1573 5118 6464 8722 9097 9737 9784
160 14 387 756 797 809 886 889 1120 1478 1708 1737 2115 2264 2533 4222
161 102 353 611 831 1267 1346 1667 1872 2160 2457 3098 8062 8406
162 36 470 772 2128 2913 3173 3256 3588 3728 5724 6442 6997 7267 8195 8360 9008
163 257 285 1610 1635 2057 3689 3775 4191 4300 4852 6060 6150 7110 7118 9491
164 74 1293 2684 2848 3356 3439 3481 3505 5328 8540
165 233 1015 1357 1522 2781 2950 3296 3493 3581 3820 4941 6503 7323
166 15 40 198 309 612 774 854 1163 1203 6385
167 338 382 740 913 2373 2401 2818 3197 3520 3929 5198 8377
168 467 956 1587 2285 2470 2808 4454 7658 8094 8747 8993 9635
169 45 2175 2478 4458 4756 5803 6028 6165 8943 9075 9141 9224 9284
170 235 237 330 948 1081 1940 2407 3152 3323 4567 5527 7961 8028 8240 8986
171 1468 1749 2010 2167 2528 3344 4354 4369 4494 4753 5175 5825 6125 6485 6528
172 592 1459 1473 3304 5838 5881 5982 6949 7421 8529 8886 9062 9594
173 101 140 944 994 1703 1860 2181 2194 2237 2486 2551 2859 5860 7949 9842
174 329 1488 1622 1701 1753 2547 4334 5405 8439 8708
175 390 784 1679 2113 2803 4689 5909 5926 6362 7084 8099 8242 8658 9119
176 1041 4015 4098 4523 4524 5166 5481 5927 6256 6482 6848 6992
177 110 208 1652 2061 2064 2316 2387 2460 2513 2553 2797 3002 3320 3355 3429
178 626 674 932 2820 3482 4597 4819 5408 7927 8941 9102 9764
179 59 77 963 1354 1674 2074 2312 2389 2934 3018 3061 3111 3553 4647 5946 8150
180 706 1146 1407 1730 1759 1927 2283 3274 5700 8507
181 1282 4446 5307 8498 9198
182 160 602 699 989 3138 3752 4827 5006 5168 5327 5635
183 1215 1555 2587 2804 3129 4294 5570
184 370 1802 2425 2437 2549 3110 3385 3540 4529 4805 5176 6134 8350
185 725 848 1077 1964 2110 2708 6674 8564
186 1162 1542 1569 1817 2048 2584 2928 2977 3083 3720 4081 6218 9848
187 1114 1350 2472 2537 2722 3455 3532 4183 6453 6545 9120
188 1748 1838 1970 3163 4234 5139 5167 6166 6794 7669 8917
190 787 951 6374 8098 9582
191 1584 3500 4187 6360
192 551 576 1225 1432 1543 1733 1794 2117 2310 2515 2570 4692 5871
193 226 448 727 732 807 903 976 1435 1602 1641 2595 3089 5775
194 165 1065 1210 1284 2006 3077 3454 4230 4512 5805 6320 6537 7936 8212
195 618 718 1170 1520 3426 4682 6144 6404 7159 7245 7882 7932
196 645 855 2892 3987 3988 5972 6885 7434 7683 9381 9512
197 832 1023 1563 2687 3857 4028 4104 4909 7049 7453 9476 9805
198 340 1729 1989 2124 2376 3492 5914 7213 7397 9030
200 145 172 341 427 688 747 1094 1178 1289 1856 1906 2164 3914 4745 5862
201 178 230 239 485 1934 2108 2295 2332 2917 3651 4022 4185 4491 6101
202 558 659 799 1121 1460 1715 2099 4284 4409 6359 6423 6608 6643 7780 7888
203 3215 4841 4878 5607 6839 7124 7348 7735 9105 9943
204 608 1189 3114 5272 6036 6227 6298 7088
205 2007 2505 2732 4839 7567 8009 9880
206 127 702 1600 2631 2901 3943 4919 5046 5177 5605 7333
207 81 123 535 709 1689 2075 2944 2996 3054 3677 3805 3975 6942
208 4220 4248 4256 6332 6854 7762 7823 9256
209 287 474 888 1799 1859 3243 3351 4887 5169 5445 5451 7092 7474 7532 7754 8008 8105
210 407 1069 2569 2814 2843 3680 3937 4383 6901
211 223 1911 1961 3231 3425 3595 5065 5276 5782 6338 7114 7307 9086 9323 9461
212 3202 4624 4633 5080 5730 6723 7778 8803 8983 9049 9525
216 311 546 547 1138 1222 1298 2291 3269 3270 3879 5768 6526 7855
217 25 433 553 1111 1255 1864 2231 2667 2724 4358 5145
218 44 421 493 1061 1257 1437 1594 1636 1846 2032 8539
220 369 460 622 931 1017 1104 2035 2994 2997 3255 3946 4509
221 351 691 1681 2109 2174 2271 2396 2638 2649 3126 3331 3363 3404
222 3 158 1820 2886 2952 3559 3735 3999 4979 5688
223 342 789 879 1067 1197 1391 1508 6916 7394 7411 8305 8855
224 401 1316 1381 1728 1790 1893 1963 2157 2603 2778 2794 2904 2960 2973 3584 7280
225 1349 2830 3923 3935 4079 5070 9518 9850
226 463 738 742 1071 1854 2266 2557 2925 3278 3565 4097 5200 5292 5670
227 251 1505 1651 1904 1965 2685 3151 3227 3603 3958 4173 5336 5886 9989
228 498 511 3176 4975 5630 7337 7398 7546 8333
229 557 619 1909 6414 6903 7040 7574 8994
230 332 484 909 920 1244 1415 3484 3569 4055 4232 4246
231 219 445 766 997 1269 1332 1404 1640 1915 2346 4832
232 315 1561 1896 2734 3760 4266 4835 5733 8104 8894 9197
233 118 1217 2343 2495 2591 2619 3029 3326 3789 3985 4147 4471 4873
234 543 998 1347 1458 1592 1709 1785 2298 2856 4313 6635
235 139 432 591 1413 1507 2307 2361 3380 3833 3871 4320 4659 4947 5628
237 835 1252 2200 3069 3141 3828 5388 5911 6072 7328 7549
238 1194 1324 2432 3597 7619 8836
239 300 545 1495 1690 4699 5474 5929 7316 7862 8750 8856 8990 9103
241 785 930 1264 1490 1727 1741 2112 2317 2596 2737 3434 3767 3965 7902
242 3019 3172 4290 6244 6402 7881 8000 8830 8953 9291 9646
243 213 2313 2567 3508 4275 4630 5412 8010 8591
244 51 92 1172 1401 1950 1991 3144 3917 4516 5479 5584 6325 8233 8644
245 282 763 1855 1980 2415 4853 6509 6825 7516 8382
246 560 1040 2119 2183 3024 3667 3754 5296 5500 5917
247 31 420 2385 2602 2613 2617 2962 3336 3362 3737 3759 5069 6122
248 288 326 640 1732 1825 2483 2562 4272 5983 7248 7630
249 1803 2274 3135 3837 5549 6268 7395
250 54 454 684 858 1405 1421 1482 2044 2191 2991 3245 3427 3831 7732 9453
251 346 357 3140 6562 7128 7240
252 190 215 355 638 1125 1850 2023 2540 3168 3739 4162 4163 4239 4531 6099 7950 8125 8528
253 325 850 2494 3263 3620 3861 5112 5663 5675 7021 7495
254 72 392 1913 2333 3314 3317 3995 4269 4651 4889
255 533 1063 3086 4273 4591 7009 7325 9371 9481
256 440 671 1763 2586 3292 3485 4423 5057 5171 5459 6710 7156 7892
257 33 368 641 892 915 1234 1512 2488 2813 2920 4080 4627 6454 8841
260 49 1724 2489 7354 7718 8046 8221 9448 9798
261 1 2444 3653 4207 6181 7216 7357 9321
262 447 584 1321 2304 3346 4008 4430 4537 4614 4763 4849 6898 9451
263 339 509 572 587 1972 2442 2588 4180 6855 7615
264 746 820 1438 2639 3566 4056 5646 5872 6836 6928 6946 7211 8075
265 9 2989 3757 4496 5978 6822 7788 9634 9811
266 1676 3507 3762 3894 5199 7105 8068
267 2421 2735 2891 4960 5201 6248 9416
268 489 570 658 1074 1206 1623 1725 2049 2193 2503 2612 2776 3602 8726 8812
269 143 159 409 526 559 928 954 1004 1256 1287 2335 2579 2783 2799 7448
271 56 1581 3044 3146 3352 3749 5428 5960 6059 6094 6513 6586 7079 9236
272 735 750 769 1003 1043 1078 1268 1771 2136 2810 3081 4057 4616
273 238 313 336 614 1283 1685 1795 2098 2630 3079 3869 3936 4617 5038 5867 5874
274 343 515 517 939 1097 1867 2243 2262 2412 2959 3115 3718 4385 4822
276 508 695 805 1364 1993 2288 2441 3056 3191 4638 4672 5343 6189 6230 6365 7153 9349
277 19 155 296 320 422 717 980 2202 2402 2770 3050 5248 7178
279 1201 1436 1526 2094 2261 2327 3013 3347 3509 3539 3872 4457 5576 8649
280 2409 2506 2829 3711 3758 4109 4218 5127 5403 5629 8134
281 1419 1485 1621 1923 2168 2714 2951 3250 3409 4802 4962 4965 5243 5726 5810 7055 9199
282 264 657 962 1016 1177 1936 3430 3947 4116 6465 8713
283 1777 2842 3266 4094 4685 4712 5086 6490 8396 8714 9010
284 232 596 649 1348 2328 5185 5287 6397 6512 7042 7797 7914
285 1062 1716 2120 2144 2347 3637 3866 4197 4565 8484 8524
286 2372 2386 2793 5587 7570 7942 9396 9725
287 397 1112 1279 1330 2148 2654 3846 4715 5450 5829
288 175 248 284 404 721 724 1291 1297 1453 1746 1754 4340 7575 7709
289 46 759 1290 3934 5179 6581 7766 8373 8578 8716
291 109 221 429 863 1115 1443 3533 4620 4721 4921 5209 6547
292 321 464 469 1113 1175 2004 2159 2186 3038 3319 3593 3765 6725 9160
293 354 970 2428 4208 5826 6800 8682 9691 9732
294 761 1013 2354 2356 4052 4326 5085 5263 6579 6681 6919 7324
295 255 827 2214 2293 3673 3693 4303 4435 4519 5437 6022 6296 6790 8140
296 71 872 1598 1731 1853 1986 1987 2365 2475 2919 2992 3166 3424 3843 4099 4847 6737
298 281 327 792 874 2369 2526 2580 2834 3234 3303 3700 3729 3826 4304
299 293 946 953 1101 1660 1726 2080 2688 3646 3682 9733
300 243 507 864 1056 1723 2296 2739 5250 5580 6128 6450
301 687 1208 2618 3395 3840 4558 7029 7404 8919
302 297 405 788 1265 1302 1487 1734 2545 2763 3016 3180 3442 7012
303 314 434 500 814 1831 1947 2429 2527 2627 2682 3210 8487
304 344 968 1118 1196 2145 2430 4544 4730 4915 5000 5520
305 712 1705 1984 3623 8776 8944 9352
306 234 1571 2254 2305 2492 2614 2819 3518 3555 3614 4507 7545
307 366 1173 2458 4329 4434 5846 7424 9568
308 176 1639 1787 1873 3220 3524 3723 4393 5757 5786 6335 9184
311 620 1815 2071 2824 3556 5811 7215 9001 9431
312 37 1042 1395 1981 3657 4071 5540 6300 7162 7590 9356 9553
313 0 61 97 152 1209 1518 1530 1840 1891 2256
315 1171 1550 4156 4375 4536 5575 5606 5993 7135 9425
316 129 249 441 544 896 945 1037 1311 1577 1680 1784 2363 2961 3106 4228
319 88 180 964 2005 2493 2577 2582 3092 3285 3293 3715 3746 3817 3948 4418 5448 7736
320 206 275 697 1124 1456 1821 3365 3983 5480 5602 6234
321 166 1204 1778 1811 2040 2063 2628 3192 3208 3229 5105
322 574 680 869 1326 1431 1469 1480 1582 1888 2923 3064 4626
323 41 376 846 1190 1659 2234 5300 5965 6439 8987
324 111 301 2769 3422 3537 4063 4820 5203 7734 8581
325 225 1374 1426 1615 2236 2479 2548 3860 5134 5764 6625
327 114 1199 1205 1601 1949 2696 2850 3156 3663 3688 4111 5446 9299
328 1706 1841 1985 3148 3171 3205 3674 4619 5763 6080
329 66 350 923 1678 3980 5537 5953 8192
332 1399 2782 2853 5037 6158 6559 7843 7867 9178
333 153 840 1166 1669 2143 2251 2406 2484 2752 4645 5457 6141 7820
334 492 722 808 2116 2469 3998 4037 4186 4317 4762 4787 4934 5104 5268 5295 8293
335 823 1447 4270 6484 6591 6778 6871 7347 7409 7526 8732 8835
336 2 76 83 378 597 601 642 703 715 768 838 1369 1568 1625 1655 9404
338 65 857 1202 1814 1843 1921 2280 3343 4139 4184 6731 7429
339 91 815 3010 3246 4001 4949 5290 5806 6226
340 78 1075 1629 2272 2713 5534 6391
342 32 822 1968 3470 3910 4010 4876 4885 4972 5242 5258 5261 5833
343 683 1423 1544 2008 2138 2419 2641 2788 2941 3012 3032 3870 4108 4289
344 203 476 589 672 1231 1534 3277 3461 3490 3513 3573 3779 4628 4901 4989 5639 5898 6592
346 359 741 2222 3174 3175 4771 5158 5832 6063 6289 7848
347 42 173 240 377 609 922 938 1184 2433 5979
348 623 779 1525 2905 3307 4259 4562 5273 9859
349 2867 4086 4522 4674 6095 6151 6203 6413 8081 8315
350 632 983 1379 1605 3835 4448 4854 4990 5236 5323 9391 9467
351 119 141 218 388 513 802 918 1052 1085 1140 1288 1300 1740 2171
352 335 578 1086 1108 1275 2443 2556 2828 3272 8663 9968
353 6 399 744 828 1128 1694 2839 2987 3639 3730 4664 5002 6137
354 455 1620 1693 2000 2166 2790 3944 4415 4773 4864 5186 5217 5660 5962 6139 6729
356 737 907 917 2651 2894 3373 4151 5666 6129 6306 6530 7243 9597
357 678 1148 1226 1278 1408 1704 2229 2325 2600 2825 3586 3932 3986 4117 6434 7180
358 96 3542 3824 3961 5036 6964
359 17 416 1442 3990 7413 7571 7608 8308 8850 8964
360 604 1169 2019 2089 2090 2130 2314 2660 2937 4379 5740 6030 6486
361 100 459 731 839 847 1580 1765 1857 2053 2523 4924 4948 5503
362 910 1151 4337 5026 5097 5288 6071 6103 6140 6859 6979 7315 9206 9570
363 791 1540 1862 6185 8227 8258
364 89 654 1236 1471 3486 3671 3939 4998 5173 5221 7772
365 348 669 698 971 1165 1240 1294 1382 2246 2247 3827 6785
366 1070 1657 4526 5985 7302 7350 7744 8492 8609
367 1219 2277 2807 4059 5188 9862
369 352 1475 1877 2155 2338 3025 3167 3635 3784 3825 5029 6970 7146 7416 8289 9464
370 450 510 1548 1650 2517 2780 3811 5005 5419 5799 6082 6110 7179
371 1789 1955 2455 2510 2995 3465 3536 3576 3976 5088 6823 7205
372 10 70 1624 2176 2657 2745 3132 4257 4554 5687 6175 7304 7519 8784
373 106 196 568 1012 1313 1389 1491 1603 1710 1851 2929 5966
374 694 860 908 1682 3321 4013 4545 4595 4781 5735
375 11 95 220 1031 1385 2467 3793 3829 5003 5264
376 112 278 550 700 926 1286 1517 1591 2131 2199 2485 2729 4068 4401 5054
377 650 878 1586 1899 2423 6435 8031 8501 8692 8734 8946
378 154 1451 3008 5402 5452 6546 7938 8618 8664
380 1193 1342 1565 2692 3014 4693 4983 6889 7161 7812 8689
381 227 256 852 987 995 1046 1562 2152 2158 3000 3053 3877 4382
382 1212 1504 2750 4298 4323 5100 5697 6672 6905 6925 7899 9215
383 116 482 600 862 977 1762 1823 2013 2139 2207 2223 2476 3113 3386 3400 3589 4308 4364 4539 5064
384 605 734 849 914 1156 1412 1707 1816 2392 2650 3125 3836 4198 4215 7349
385 177 187 393 575 701 1092 1134 1150 1309 2135 2884 2976 3631 4127 4433 5418
386 128 477 935 1050 1333 1751 1761 2299 2697 2733 2861 2900 3105 3165 3761 4462
387 16 194 1054 1648 3717 3726 6519 6811 7667
388 20 253 457 1836 2030 2297 3155 5658 6828 8253
390 181 272 406 865 958 986 2265 3072 3236 3335 4808 5141 5813 9515 9703
391 538 686 798 1466 1887 2984 3074 3281 3476 4732 5560 5690 6720 6984
393 302 690 996 1006 1322 1360 1486 1528 1673 1807 4973
395 1367 1372 1634 1861 2016 2616 3242 3308 3458 3713 4112 4801 5212
396 334 373 573 783 972 1106 1127 1397 1434 1444 1756 6292
397 413 884 1523 2077 3563 3641 4716 4997 5309 5727 5816 7779
398 716 1386 1875 2221 2309 2709 2837 2855 3952 4459 6187
399 117 985 1229 4360 4601 7830
400 323 824 1334 1593 1722 1944 2037 2050 4307 5822 6462 8798
401 4271 5008 6477 7025 7374 7543 8281 9961
402 733 1130 1307 1990 2529 2792 3193 3253 4422 4452 4470 5334 8210
403 2914 4356 7620 7690 9450
404 458 542 819 1176 1243 2269 4075 5190 7050 7189 7371 8562
405 856 2964 4125 5011 9903
406 5 662 1117 1368 1390 1675 2093 2095 2620 3004 3147 3149 3159 3216 4400 4896 7997 9265
408 1558 4101 5472 6087 7288 9261 9748
410 1220 1643 1735 2490 2491 6062 7330 7993 9266
413 29 64 595 1083 1303 1430 1461 1664 2140 2329 2508
414 624 5947 8267 8867
415 133 312 904 3423 3432 3444 5471
416 541 1280 1496 4475 5705 7356 7852 7879
417 245 771 2091 3416 3570 3777 4302 4929 5042 5254 6548 7117
418 85 113 324 383 936 1238 1242 2185 2559 3251 3463 3842 4014 4095 6102
419 328 1736 2887 3158 4088 4274 4825 7795 8697
420 442 2189 2712 3791 3889 3960 5414 6191 7183 7631 7868 8509
421 167 677 1632 2482 2876 3045 3185 4528 4679 5004 5155 6221 6511 9619
422 941 1400 3497 3678 5120 8778 8933 8952 9208
423 207 1409 1822 2795 3097 3748 3873 4297 5834 5981 6104 6665 8112 9005
424 12 1994 2102 2530 3071 3381 3446 3582 3911
425 84 821 836 870 3154 3512 4252 4280 6196 6956 7382 7557 7564 9247
426 675 2002 3415 3896 3915 4482 4982 5081 5362 6611 7078 7664 8026 8989
427 2889 4437 4479 5364 5431 6358 6722 7714 8033
428 639 1560 5015 6015 6761 7286 7901 7980 9366
429 844 984 1259 1559 1713 2226 2245 2675 2809 2911 3160 4029
430 104 581 982 1183 2079 3233 3525 3925 7059 7257 7263 9551
432 635 1684 2059 5643 5701 6121 6330 6793 8534
433 1493 2499 3413 3453 3853 3982 4160 4680 5208 6750 7467 8642 8847 8891
434 379 402 444 529 1546 2078 2552 2870 3313 3451 3567 3590 3822 4195 4933 6460
435 1995 2749 3753 4954 5099 6284 6403 6600 7052 7685 7917 8400
436 149 829 1384 2052 5365 5933 5938 7913 9271
437 396 825 4389 5971 6704 7039 7662 7807 8278
438 1246 1700 1830 2414 2927 6923 7681 7770 7978
439 247 262 2045 2320 2673 2863 6703 6969 7866 8631
440 516 527 880 1099 1371 1912 2841 2985 3030 3179 3684 6895
441 144 606 2805 3662 4089 4642 9137
442 979 1044 2554 2922 3060 3959 5918 6455 7610 9677
443 806 2020 3783 4777 9232 9300 9763
444 682 826 1000 1139 1168 1285 1564 1889 2611 2706 3094 3108 6470
445 229 947 1966 2481 4747 5980 6179 6533 7599 9516
446 55 456 1441 1578 3280 3284 3316 3771 3799 3950 4026 4034 4821 4898 5505 5969 8015 8910
447 299 306 2464 2865 2975 4718 7385 7970 9002
449 1645 3622 3813 3906 4640 4942 6069 6502 8218 9134
450 1181 1826 2173 3808 4988 6176 6507 8358 9787
451 1539 1905 2358 2403 2438 2720 2872 2968 2971 3137 3200 3491 7077
452 94 250 2707 2982 3015 3496 4794 5467 6115 6396 9093 9813
453 395 978 4310 5047 5856 5943 6098 9115 9572
456 142 162 2026 2142 2606 4596 4899 5359 5401 5888 6458 6663 6967 7489 8462
457 267 1806 2324 5463 6998 7255 8215 9986
458 590 2754 3324 3448 3617 4102 4374 5142 6100 9930
459 1378 5043 5662 5896 7643 8025 8307 8700 9542
460 1059 1903 3195 3921 4114 4766 4902 6079 6163 6276 7883 8600
463 593 615 621 1096 1214 1251 1337 1380 1454 2239 2539 2643 5880
464 2500 2519 2661 4039 4476 7715 8417 8575 8806 9579
466 2101 3300 3530 3744 5796 7068 8116 8516 9797 9967
467 1084 1191 3716 5904 8279 9218 9458 9988
469 497 1331 1465 1745 2355 3541 3858 4137 5392 6538 7572 7613 9711
470 375 385 552 562 710 937 957 1029 1476 1483 1574 3121 5156 7756
471 830 943 1135 1424 1637 3124 3237 3778 3868 4752
472 530 1055 1946 2206 2474 2943 3310 3411 3928 4262 6050 6833 8387
473 27 1760 3122 3211 3795 4192 5040 7073 7632 7697
474 75 414 773 1221 1320 1470 1609 2065 2462 2766 3230 4886 5277 6054
475 345 2085 2225 2351 2703 3041 5360 6076 6213 6652 7391
476 50 471 616 1329 1930 2753 3452 3887 4214 4974 5170 5219 5908
477 610 753 1757 2188 3011 3830 4123 4667 4837 6488 7490 7531 7708 9483
478 347 588 1406 1464 1499 1521 1772 2022 2196 2571 2623 3521 4907 5063 5501 5677 7713
479 205 536 901 950 1008 1511 3128 3503 3812 3964 4918 5439
480 156 921 2784 2812 2926 3440 4024 4249 4618 4894 5035 5433 6711 8005
482 2215 3574 3968 4646 5497 6309 6491 6566 9675
483 1047 1232 2953 6168 6691 7633 9446
484 138 192 479 679 817 897 1245 1247 1782 2286 4045
485 360 795 1628 1758 1829 2303 2998 3031 3654 3706
487 748 833 912 1646 1718 2224 2242 2815 3377 3774 5113 7806
488 136 137 1087 1428 1739 2141 2156 2544 2738 3107 3199 4091 4169 4211 4282 4755 5454 5997 8491
489 522 876 1631 1847 1892 1942 2228 3204 3206 4093 4324 4372 4587
492 371 419 520 841 1604 1878 1945 2027 2796 3942 7569 9139
493 13 2287 2912 3207 3240 4318 4903 5074 5656 6422 8326
494 174 3945 4170 4691 5136 5597 5600 6025 6986 9915
496 1881 1937 2791 2981 3672 5024 5649 6444 7134 7755 9354 9829
498 211 531 627 670 1262 1325 1606 1907 2031 2426 2730 3392 5645 9443
499 322 1418 1474 1852 1916 2043 2399 3900 7116
