60
1 278 364 430 464 600 700 831 950 1060 1189 1309 1403 1572 1581 1632 1901 1920 2042 2061 2111 2226 2308 2357 2422 2572 2758 2773 2908 3185 3198 3394 3494 3747 5367
2 29 80 110 127 277 308 317 436 616 618 637 643 693 722 751 835 922 982 1181 1311 1442 1494 1495 1548 1562 1573 1629 1845 1925 1953 1971 2028 2244 2610 2703 3774
5 202 262 374 452 526 566 606 972 1358 1585 1722 1740 1787 1792 1846 1853 1958 2056 2137 2365 2454 2596 2830 3016 3098 3217
7 170 291 303 331 485 706 807 816 848 898 948 1021 1035 1097 1100 1136 1278 1296 1315 1576 1579 1590 1681 1709 1748 1811 1985 2058 2083 2107 2268 2549 2744 2767 2983 4371
9 3 16 122 162 165 174 187 290 293 294 316 340 416 425 453 507 525 607 627 649 656 666 676 680 758 781 784 899 962 6729
10 114 142 149 224 243 346 429 503 529 544 559 571 598 615 628 687 823 836 894 911 1041 1132 1155 1286 1363 1390 1392 1453 1559 1642 1660 1665 1727 1742 2018 2032 2046 2848 5926
11 17 24 185 201 236 304 653 742 844 1122 1618 1621 1641 1807 1998 2003 2205 2261 2271 2354 2555 2583 2870 2906 3000 3070 3088 3163 3224 3239 3457 3860 4034 4091 4204 4468 7375
12 90 117 154 221 288 333 368 383 521 558 634 735 736 773 782 826 845 846 855 926 1033 1038 1077 1146 1219 1229 1250 1327 1364 1426 1472 1476 1531 1550 1613 2371 7929
14 11 35 143 231 237 355 710 1046 1064 1126 1131 1144 1190 1216 1244 1247 1324 1384 1542 1553 1755 1861 1942 2014 2119 2181 2225 2279 2465 2595 2604 2815 2859 3074 3162 3398 3527 3549 4594 9559
15 52 54 87 103 138 191 206 233 284 318 329 405 428 450 547 548 605 821 853 886 967 1049 1101 1114 1116 1161 1203 1245 1298 1404 1489 1594 1597 1766 1798 4288
17 215 361 435 454 622 633 731 759 1162 1185 1352 1439 1471 1710 1801 1835 2010 2202 2232 2342 2502 2981 3021 3123 3220 3243 3274 3306 3721 3731 3923 4607 6049
18 18 95 178 211 242 275 286 362 465 720 865 939 965 1052 1143 1205 1222 1243 1259 1317 1348 1398 1467 1604 1687 1718 1772 1949 2117 2146 3410 3888 4558 7984
20 26 27 137 148 159 210 214 247 250 336 379 441 490 516 595 655 748 805 814 908 935 989 998 1005 1039 1058 1094 1133 1168 1214 1281 1290 1308 1323 1638 2153 2930 5526
21 13 85 109 168 249 342 392 400 409 412 463 474 564 625 705 713 757 765 813 932 952 1128 1147 1199 1213 1261 1293 1304 1482 1513 1723 5554 5985 7242
22 23 49 69 96 167 173 387 442 458 555 569 584 745 754 822 843 859 877 881 954 1024 1028 1076 1098 1215 1310 1335 1423 1496 1563 1626 1659 1770 1833 1851 1910 1930 2000 2001 2045 9517
23 611 885 947 1042 1105 1152 1156 1402 1413 1438 1452 1677 1686 1948 1967 2579 2664 2793 3041 3099 3209 3284 3324 3525 3572 3648 3700 3806 3989 4001 4072 4350 4994 5336 6644
24 1 65 145 181 186 225 323 330 440 477 494 539 602 641 702 704 725 769 828 857 902 924 940 961 973 974 1011 1012 1125 1145 1173 1174 1180 1195 1217 1238 1240 1253 1284 1321 1412 6138
26 28 92 222 258 328 353 469 470 580 587 597 695 714 739 854 863 959 1010 1027 1032 1080 1127 1241 1330 1388 1396 1411 1420 1436 1584 1667 1951 2905
27 121 246 343 414 431 604 626 721 893 1014 1192 1301 1385 1507 1527 1539 1732 2180 2200 2231 2296 2508 2600 2678 2780 2805 2837 2889 2975 3064 3073 3371 3451 3582 3858 3911 4403 4643 8761
31 4 47 50 126 132 216 238 241 263 354 531 678 692 694 741 761 840 918 953 964 1065 1088 1092 1231 1249 1271 1320 1349 1466 1506 1528 1530 1734 1817 4487
32 22 31 91 98 104 113 144 175 204 217 232 235 254 267 359 397 402 420 505 537 557 575 586 639 645 648 684 717 850 900 5921
33 39 58 66 82 118 151 158 203 289 315 417 446 501 523 568 582 809 864 917 988 990 1059 1102 1115 1164 1182 1224 1257 1354 1357 1365 1387 1464 1470 5150
34 70 101 134 171 264 396 434 437 550 608 688 712 760 860 909 936 1007 1025 1149 1191 1228 1338 1378 1534 1587 1612 1700 1715 1813 1866 4104
37 198 363 371 395 514 591 776 827 866 1089 1176 1269 1343 1446 1620 1624 1737 1891 1921 2073 2096 2147 2227 2248 2409 2430 2469 2513 2540 2542 2776 3140 3437 3522 3869 4310 4347 4623
39 68 94 166 169 172 189 192 209 219 322 393 421 439 506 533 632 701 728 750 790 792 796 872 878 879 896 979 1082 1109 1111 1171 1226 1520
41 12 156 493 527 554 581 812 1322 1408 1415 1516 1575 1679 1747 1751 1763 1964 2076 2214 2270 2344 2384 2567 2570 2727 2817 2868 2915 2964 3034 3207 3212 3364 3681
42 42 73 261 408 422 432 444 478 482 508 546 588 603 612 772 787 800 815 834 968 1108 1184 1220 1263 1460 1552 1643 1664 1694 1713 1717 1778 1904 1934 2141 2400 3585 4537
45 44 59 105 107 131 183 193 226 229 239 255 335 365 381 384 459 462 467 509 592 624 629 665 671 752 753 820 883 923 1078 1113 1154 1186 1351 1537 1954 1981 2818 7055
46 367 733 744 764 777 788 833 1003 1015 1057 1140 1202 1285 1337 1340 1382 1386 1451 1546 1673 1704 1731 1796 1805 1944 1972 2089 2361 2405 2446 2471 2966 3264
47 55 67 115 129 130 140 194 245 266 344 345 479 536 746 775 888 981 985 995 1001 1048 1072 1119 1134 1200 1212 1235 1307 1328 1346 1347 1425 1521 1532 1645 1670 1689 1762 1797 2264 3139
48 9 74 124 218 248 274 357 366 403 545 768 841 852 1023 1260 1312 1344 1350 1371 1394 1510 1653 1765 1907 2041 2325 2501 2825 2863 2879 2901 2920 2988 3019 3426 3684
49 88 123 259 272 297 419 471 483 646 675 763 969 1074 1504 1617 1752 1782 1842 1909 1959 2239 2516 2581 3020 3126 3190 3303
51 213 749 811 832 966 1417 1491 1602 1692 1848 1957 1960 2410 2420 2500 2613 2633 2642 2756 2826 3046 3084 3218 3390 3576 3586 3722 3734 3805 3824 4433 4601 4606 4677 4705 4847 4946 5501 6877 9365
53 6 20 62 184 230 251 295 334 348 369 404 510 524 674 724 755 798 838 946 978 1029 1056 1177 1218 1294 1299 1300 1353 1428 1434 1443 1509 1598 1758 1785 3102
55 163 302 326 401 460 543 579 640 644 668 690 732 747 789 1040 1107 1129 1137 1151 1197 1242 1270 1373 1444 1502 1570 1622 1676 1705 2313 3244 6887 7293
56 108 292 370 391 719 799 825 889 1406 1500 1543 1600 1639 1690 1697 1840 1890 1913 2009 2044 2431 2451 2810 2943 3006 3014 3210 3241 3577 3756 3787 3796 4295 4452 4516 4563 4612
57 53 83 111 136 287 306 321 372 456 486 553 572 619 689 699 708 738 778 797 884 895 1165 1262 1455 1468 1497 1511 1569 1595 1696 1699 1706 3831 3975
62 10 64 77 164 195 325 332 356 491 495 583 650 661 662 696 770 919 1050 1051 1106 1117 1169 1187 1221 1246 1383 1391 1475 1493 1610 1652 1662 1701 1764 1826 2616 7624
63 19 45 57 135 147 188 227 280 307 532 570 638 652 660 664 709 794 851 906 925 944 1019 1045 1075 1104 1183 1206 1223 1283 1303 1395 1397 1498 1524 1554 1619 1631 1640 4281 7892
64 56 79 86 208 265 282 310 312 352 373 512 565 904 987 1167 1236 1302 1505 1547 1647 1649 1745 1872 1874 1968 2126 2145 2314 2705 2958 2967 3032 3049 5091 5708 9584
66 5 36 133 296 551 669 734 774 795 801 1093 1272 1282 1289 1369 1564 2139 2210 2443 2569 2585 2663 2854 2945 3011 3118 3130 3193 3273 3278 3289 3311 3468 3477 3608 4696 7007 7674
67 32 46 60 63 78 119 240 283 309 375 411 466 472 487 488 511 513 515 540 552 562 574 601 681 767 779 802 806 818 862 890 891 920 1204 1225 2148
68 81 161 207 244 433 447 499 530 635 647 913 1087 1130 1139 1251 1267 1407 1549 1577 1703 1888 1943 2265 2336 2378 2517 2657 2942 3153 3574 3591 3603 3740 3811 5286 6163
71 15 84 153 182 196 197 327 350 360 407 438 443 445 448 473 480 504 534 541 651 654 663 723 780 793 892 1063 1066 1091 1099 1142 1721 2591 4148
74 234 492 517 659 914 992 1188 1210 1332 1596 1831 1906 1979 2048 2112 2156 2385 2522 2733 2937 3149 3178 3309 3502 3536 3660 3893 3895 3943 4125 4325 4473 4514 4597 4723 4797 4801 4930 6097 9543
75 141 358 388 394 427 679 756 762 977 993 1061 1266 1279 1499 1522 1593 1628 1800 1883 1935 1961 2381 2551 2554 2784 3058 3169 3204 3242 3452 3485 3520 3561 3710 3716 3720 3853 4342 6165 6290
76 43 48 128 455 556 563 577 683 691 711 882 1342 1355 1535 1538 1615 1870 2055 2060 2168 2275 2708 2716 2912 3060 3069 3228 3279 3325 3408 3429 3445 3584 3780
80 2 41 51 99 112 257 299 311 319 380 382 596 609 685 686 703 869 916 1043 1044 1055 1067 1081 1090 1159 1232 1256 1274 1277 1326 1339 1360 1540 1608 1655 1799 1858 2063 2198 2249 3106 6337
81 152 200 457 518 934 1079 1361 1375 2102 2174 2496 2668 2670 2764 2766 2789 2835 2852 2931 3063 3170 3252 3327 3427 3430 3531 3599 3661 7234 8094
82 271 320 337 496 502 642 718 839 907 958 999 1325 1329 1424 1606 1671 1716 1759 1844 1937 2093 2095 2179 2311 2518 2656 2661 2676 3144 7677
83 89 150 279 349 423 560 593 740 783 871 1004 1020 1084 1141 1237 1441 1483 1574 1857 1970 2087 2224 2292 2412 2433 2434 3246 3250 3443 4022 4178 4188
84 256 386 613 817 824 837 870 1158 1196 1275 1447 1469 1707 1963 1969 2263 2411 2417 2421 2520 2701 2871 2892 2896 3008 3094 3268 3347 3546 3636 3752 3907 4210 4266 4358 4374 4444 4794 5031 5725 9047
86 33 260 281 351 500 538 636 673 682 726 847 943 997 1120 1121 1172 1193 1201 1318 1431 1459 1479 1557 1757 1896 1975 2019 2023 2051 2182 2377 3137 3526 9514
88 21 497 672 766 803 928 1053 1503 1583 1591 1627 1738 2217 2316 2372 2423 2475 2745 2874 2952 3040 3044 3345 3400 3459 3524 3607 3668 3704 3753 3879 3915 4146 4928 5546 5668 7117 7727
90 76 155 610 786 887 1068 1071 1110 1405 1422 1462 1776 1808 1828 1977 2074 2169 2194 2209 2322 2485 2620 2674 2718 2736 2899 3022 3219 3223 3376 3508 3737 3977 4171 4329 9054
91 25 71 100 139 177 253 338 378 426 620 868 1016 1083 1287 1419 1437 1646 1804 1982 2030 2149 2242 2349 2424 2452 2470 2492 2650 3066 3208 3257 4081
92 40 399 475 549 585 590 698 715 1054 1123 1178 1288 1314 1334 1362 1370 2067 2078 2352 2360 2463 2696 2738 2840 2992 3313 3349 3622 3676 3926 4009 4033 4264 4361 6166 7776 9138
97 14 61 212 285 413 519 573 630 658 670 960 1002 1037 1095 1112 1138 1258 1295 1478 1868 1938 1992 2070 2108 2618 2653 2839 2936 3093 3114 3151 3231 3391 3397 4142 4301 5381 6102 9691
98 106 179 205 410 804 915 927 955 1006 1207 1319 1450 1487 1519 1636 1658 1672 1719 1736 1825 1928 2008 2039 2110 2246 2309 2395 2675 2728 2752 2771 2827 3097 5394
99 7 8 120 269 270 301 339 389 418 498 599 897 901 930 933 937 1017 1070 1085 1153 1179 1209 1280 1379 1399 1401 1448 1541 1561 1580 1588 1648 1651 1688 1693 1702 1889 1966 2029 2082 3110 6402
